Running: C:\Xilinx\14.4\ISE_DS\ISE\bin\nt\unwrapped\fuse.exe -intstyle ise -incremental -lib secureip -o Z:/hdl/fir/tb_isim_beh.exe -prj Z:/hdl/fir/tb_beh.prj work.tb 
ISim P.49d (signature 0x8ef4fb42)
Number of CPUs detected in this system: 1
Turning on mult-threading, number of parallel sub-compilation jobs: 0 
Determining compilation order of HDL files
Parsing VHDL file "Z:/hdl/fir/lpmultiplier.vhd" into library work
Parsing VHDL file "Z:/hdl/fir/fir.vhd" into library work
Parsing VHDL file "Z:/hdl/fir/tb.vhd" into library work
Starting static elaboration
Completed static elaboration
Fuse Memory Usage: 66600 KB
Fuse CPU Usage: 515 ms
Compiling package standard
Compiling package std_logic_1164
Compiling package std_logic_arith
Compiling package std_logic_unsigned
Compiling package numeric_std
Compiling architecture behavioral of entity lpmultiplier [\lpmultiplier(9,9,3,"SIGNED",18,...]
Compiling architecture behavioral of entity fir [\fir(9,18,19,11,4,3)\]
Compiling architecture behavior of entity tb
Time Resolution for simulation is 1ps.
Compiled 10 VHDL Units
Built simulation executable Z:/hdl/fir/tb_isim_beh.exe
Fuse Memory Usage: 84196 KB
Fuse CPU Usage: 889 ms
